<?xml version="1.0" encoding="utf-8" standalone="no"?>
<!--This file represents the results of running a test suite-->
<test-results name="C:\Agile Engineering\code\dotNetProjects\PetStore\PetStoreSpecFlow\bin\Debug\PetStoreSpecFlow.dll" total="5" errors="0" failures="1" not-run="0" inconclusive="1" ignored="0" skipped="0" invalid="0" date="2012-10-05" time="07:30:17">
  <environment nunit-version="2.5.10.11092" clr-version="2.0.50727.3634" os-version="Microsoft Windows NT 5.1.2600 Service Pack 3" platform="Win32NT" cwd="C:\Agile Engineering\code\dotNetProjects\PetStore\PetStoreSpecFlow\bin\Debug" machine-name="KEVIN-5A260E04F" user="Administrator" user-domain="KEVIN-5A260E04F" />
  <culture-info current-culture="en-US" current-uiculture="en-US" />
  <test-suite type="Assembly" name="C:\Agile Engineering\code\dotNetProjects\PetStore\PetStoreSpecFlow\bin\Debug\PetStoreSpecFlow.dll" executed="True" result="Failure" success="False" time="0.484" asserts="0">
    <results>
      <test-suite type="Namespace" name="PetStoreSpecFlow" executed="True" result="Failure" success="False" time="0.484" asserts="0">
        <results>
          <test-suite type="TestFixture" name="DiscountRatesExerciseFeature" description="Discount Rates Exercise" executed="True" result="Inconclusive" success="False" time="0.437" asserts="0">
            <results>
              <test-case name="PetStoreSpecFlow.DiscountRatesExerciseFeature.DiscountHappyPath" description="Discount Happy Path" executed="True" result="Inconclusive" success="False" time="0.156" asserts="0">
                <reason>
                  <message><![CDATA[No matching step definition found for one or more steps.
[Binding]
public class StepDefinitions
{
    [When(@"I set the discount rate to 10%")]
    public void WhenISetTheDiscountRateTo10()
    {
        ScenarioContext.Current.Pending();
    }
}
]]></message>
                </reason>
              </test-case>
            </results>
          </test-suite>
          <test-suite type="TestFixture" name="PricingFeature" description="Pricing" executed="True" result="Failure" success="False" time="0.047" asserts="0">
            <results>
              <test-case name="PetStoreSpecFlow.PricingFeature.BrokenCatSearch" description="Broken Cat Search" executed="True" result="Failure" success="False" time="0.016" asserts="1">
                <failure>
                  <message><![CDATA[  Expected: 13m
  But was:  14m
]]></message>
                  <stack-trace><![CDATA[at PetStoreSpecFlow.SimpleStepdefinitions.ThenTheResultShouldBe(Decimal result) in C:\Agile Engineering\code\dotNetProjects\PetStore\PetStoreSpecFlow\stepDefinitions\StepDefinition1.cs:line 32
at lambda_method(Closure , Decimal )
at TechTalk.SpecFlow.Bindings.MethodBinding.InvokeAction(Object[] arguments, ITestTracer testTracer, TimeSpan& duration)
at TechTalk.SpecFlow.TestRunner.ExecuteStepMatch(BindingMatch match, Object[] arguments)
at TechTalk.SpecFlow.TestRunner.ExecuteStep(StepArgs stepArgs)
at TechTalk.SpecFlow.TestRunner.CollectScenarioErrors()
at PetStoreSpecFlow.PricingFeature.ScenarioCleanup() in C:\Agile Engineering\code\dotNetProjects\PetStore\PetStoreSpecFlow\PetPricing.feature.cs:line 0
at PetStoreSpecFlow.PricingFeature.BrokenCatSearch() in c:\Agile Engineering\code\dotNetProjects\PetStore\PetStoreSpecFlow\PetPricing.feature:line 15
]]></stack-trace>
                </failure>
              </test-case>
              <test-suite type="ParameterizedTest" name="BulkPetSearches" description="Bulk Pet Searches" executed="True" result="Success" success="True" time="0.016" asserts="0">
                <results>
                  <test-case name="PetStoreSpecFlow.PricingFeature.BulkPetSearches(&quot;Dog&quot;,&quot;23&quot;,System.String[])" executed="True" result="Success" success="True" time="0.000" asserts="2" />
                  <test-case name="PetStoreSpecFlow.PricingFeature.BulkPetSearches(&quot;Cat&quot;,&quot;13&quot;,System.String[])" executed="True" result="Success" success="True" time="0.016" asserts="2" />
                </results>
              </test-suite>
              <test-case name="PetStoreSpecFlow.PricingFeature.DogSearch" description="Dog Search" executed="True" result="Success" success="True" time="0.000" asserts="1" />
            </results>
          </test-suite>
        </results>
      </test-suite>
    </results>
  </test-suite>
</test-results>