<?xml version="1.0" encoding="utf-8" standalone="no"?>
<!--This file represents the results of running a test suite-->
<test-results name="C:\Agile Engineering\Projects\PetStore\PetStoreSpecFlow\bin\Debug\PetStoreSpecFlow.dll" total="9" errors="0" failures="0" not-run="0" inconclusive="3" ignored="0" skipped="0" invalid="0" date="2012-06-27" time="12:03:53">
  <environment nunit-version="2.5.10.11092" clr-version="2.0.50727.3634" os-version="Microsoft Windows NT 5.1.2600 Service Pack 3" platform="Win32NT" cwd="C:\Agile Engineering\Projects\PetStore\PetStoreSpecFlow\bin\Debug" machine-name="KEVIN-5A260E04F" user="Administrator" user-domain="KEVIN-5A260E04F" />
  <culture-info current-culture="en-US" current-uiculture="en-US" />
  <test-suite type="Assembly" name="C:\Agile Engineering\Projects\PetStore\PetStoreSpecFlow\bin\Debug\PetStoreSpecFlow.dll" executed="True" result="Success" success="True" time="0.625" asserts="0">
    <results>
      <test-suite type="Namespace" name="PetStoreSpecFlow" executed="True" result="Success" success="True" time="0.609" asserts="0">
        <results>
          <test-suite type="TestFixture" name="DiscountRatesExerciseFeature" description="Discount Rates Exercise" executed="True" result="Success" success="True" time="0.562" asserts="0">
            <results>
              <test-case name="PetStoreSpecFlow.DiscountRatesExerciseFeature.DiscountHappyPath" description="Discount Happy Path" executed="True" result="Inconclusive" success="False" time="0.219" asserts="0">
                <reason>
                  <message><![CDATA[No matching step definition found for one or more steps.
[Binding]
public class StepDefinitions
{
    [When(@"I set the discount rate to 10%")]
    public void WhenISetTheDiscountRateTo10()
    {
        ScenarioContext.Current.Pending();
    }
}
]]></message>
                </reason>
              </test-case>
              <test-suite type="ParameterizedTest" name="MultipleDiscounts" description="Multiple Discounts" executed="True" result="Inconclusive" success="False" time="0.016" asserts="0">
                <results>
                  <test-case name="PetStoreSpecFlow.DiscountRatesExerciseFeature.MultipleDiscounts(&quot;Cat&quot;,&quot;39.50&quot;,System.String[])" executed="True" result="Inconclusive" success="False" time="0.000" asserts="0">
                    <reason>
                      <message><![CDATA[No matching step definition found for one or more steps.
[Binding]
public class StepDefinitions
{
    [When(@"I set the discount rate to 10%")]
    public void WhenISetTheDiscountRateTo10()
    {
        ScenarioContext.Current.Pending();
    }
}
]]></message>
                    </reason>
                  </test-case>
                  <test-case name="PetStoreSpecFlow.DiscountRatesExerciseFeature.MultipleDiscounts(&quot;Dog&quot;,&quot;22.50&quot;,System.String[])" executed="True" result="Inconclusive" success="False" time="0.016" asserts="0">
                    <reason>
                      <message><![CDATA[No matching step definition found for one or more steps.
[Binding]
public class StepDefinitions
{
    [When(@"I set the discount rate to 10%")]
    public void WhenISetTheDiscountRateTo10()
    {
        ScenarioContext.Current.Pending();
    }
}
]]></message>
                    </reason>
                  </test-case>
                </results>
              </test-suite>
              <test-case name="PetStoreSpecFlow.DiscountRatesExerciseFeature.Pre_ExistingDogSearch" description="Pre-existing Dog Search" executed="True" result="Success" success="True" time="0.016" asserts="1" />
            </results>
          </test-suite>
          <test-suite type="TestFixture" name="PricingFeature" description="Pricing" executed="True" result="Success" success="True" time="0.047" asserts="0">
            <results>
              <test-case name="PetStoreSpecFlow.PricingFeature.BrokenCatSearch" description="Broken Cat Search" executed="True" result="Success" success="True" time="0.016" asserts="1" />
              <test-suite type="ParameterizedTest" name="BulkPetSearches" description="Bulk Pet Searches" executed="True" result="Success" success="True" time="0.016" asserts="0">
                <results>
                  <test-case name="PetStoreSpecFlow.PricingFeature.BulkPetSearches(&quot;Cat&quot;,&quot;13&quot;,System.String[])" executed="True" result="Success" success="True" time="0.016" asserts="2" />
                  <test-case name="PetStoreSpecFlow.PricingFeature.BulkPetSearches(&quot;Dog&quot;,&quot;23&quot;,System.String[])" executed="True" result="Success" success="True" time="0.000" asserts="2" />
                </results>
              </test-suite>
              <test-case name="PetStoreSpecFlow.PricingFeature.DogSearch" description="Dog Search" executed="True" result="Success" success="True" time="0.016" asserts="1" />
              <test-case name="PetStoreSpecFlow.PricingFeature.ParameterizedDataSearch" description="Parameterized Data Search" executed="True" result="Success" success="True" time="0.000" asserts="1" />
            </results>
          </test-suite>
        </results>
      </test-suite>
    </results>
  </test-suite>
</test-results>