<?xml version="1.0" encoding="utf-8" standalone="no"?>
<!--This file represents the results of running a test suite-->
<test-results name="C:\Agile Engineering\Projects\PetStore\PetStore\PetStore.nunit" total="2" errors="0" failures="1" not-run="0" inconclusive="0" ignored="0" skipped="0" invalid="0" date="2011-09-29" time="12:57:15">
  <environment nunit-version="2.5.10.11092" clr-version="2.0.50727.3053" os-version="Microsoft Windows NT 5.1.2600 Service Pack 3" platform="Win32NT" cwd="C:\Program Files\NUnit 2.5.10\bin\net-2.0" machine-name="KEVIN-5A260E04F" user="Administrator" user-domain="KEVIN-5A260E04F" />
  <culture-info current-culture="en-US" current-uiculture="en-US" />
  <test-suite type="Project" name="C:\Agile Engineering\Projects\PetStore\PetStore\PetStore.nunit" executed="True" result="Failure" success="False" time="0.453" asserts="0">
    <results>
      <test-suite type="Assembly" name="C:\Agile Engineering\Projects\PetStore\PetStore\bin\Release\PetStore.dll" executed="True" result="Failure" success="False" time="0.453" asserts="0">
        <results>
          <test-suite type="Namespace" name="PetStore" executed="True" result="Failure" success="False" time="0.453" asserts="0">
            <results>
              <test-suite type="TestFixture" name="PetStoreImplTest" executed="True" result="Failure" success="False" time="0.453" asserts="0">
                <results>
                  <test-suite type="ParameterizedTest" name="TestRounding" executed="True" result="Failure" success="False" time="0.406" asserts="0">
                    <results>
                      <test-case name="PetStore.PetStoreImplTest.TestRounding(10.666m,10.66m)" executed="True" result="Failure" success="False" time="0.109" asserts="1">
                        <failure>
                          <message><![CDATA[  Expected: 10.66m
  But was:  10.67m
]]></message>
                          <stack-trace><![CDATA[at PetStore.PetStoreImplTest.TestRounding(Decimal unroundedPrice, Decimal expectedResult) in C:\Agile Engineering\Projects\PetStore\PetStore\PetStoreImplTest.cs:line 17
]]></stack-trace>
                        </failure>
                      </test-case>
                      <test-case name="PetStore.PetStoreImplTest.TestRounding(10.333m,10.33m)" executed="True" result="Success" success="True" time="0.016" asserts="2" />
                    </results>
                  </test-suite>
                </results>
              </test-suite>
            </results>
          </test-suite>
        </results>
      </test-suite>
    </results>
  </test-suite>
</test-results>