<?xml version="1.0" encoding="utf-8" standalone="no"?>
<!--This file represents the results of running a test suite-->
<test-results name="C:\Agile Engineering\Projects\PetStore\PetStore\bin\Release\PetStore.dll" total="0" errors="0" failures="0" not-run="0" inconclusive="0" ignored="0" skipped="0" invalid="0" date="2012-05-21" time="13:59:47">
  <environment nunit-version="2.5.10.11092" clr-version="2.0.50727.3634" os-version="Microsoft Windows NT 5.1.2600 Service Pack 3" platform="Win32NT" cwd="C:\Agile Engineering\Projects\PetStore\PetStore\bin\Release" machine-name="KEVIN-5A260E04F" user="Administrator" user-domain="KEVIN-5A260E04F" />
  <culture-info current-culture="en-US" current-uiculture="en-US" />
  <test-suite type="Assembly" name="C:\Agile Engineering\Projects\PetStore\PetStore\bin\Release\PetStore.dll" executed="True" result="Inconclusive" success="False" time="0.016" asserts="0" />
</test-results>