<?xml version="1.0" encoding="utf-8" standalone="no"?>
<!--This file represents the results of running a test suite-->
<test-results name="C:\Agile Engineering\Projects\NUnit Verification\NUnit Verification\bin\Release\NUnitTest1.exe" total="2" errors="0" failures="1" not-run="0" inconclusive="0" ignored="0" skipped="0" invalid="0" date="2012-02-12" time="21:44:30">
  <environment nunit-version="2.5.10.11092" clr-version="2.0.50727.3053" os-version="Microsoft Windows NT 5.1.2600 Service Pack 3" platform="Win32NT" cwd="C:\Agile Engineering\Projects\NUnit Verification\NUnit Verification\bin\Release" machine-name="KEVIN-5A260E04F" user="Administrator" user-domain="KEVIN-5A260E04F" />
  <culture-info current-culture="en-US" current-uiculture="en-US" />
  <test-suite type="Assembly" name="C:\Agile Engineering\Projects\NUnit Verification\NUnit Verification\bin\Release\NUnitTest1.exe" executed="True" result="Failure" success="False" time="0.250" asserts="0">
    <results>
      <test-suite type="Namespace" name="NUnitTest1" executed="True" result="Failure" success="False" time="0.250" asserts="0">
        <results>
          <test-suite type="TestFixture" name="TestFixture1" executed="True" result="Failure" success="False" time="0.234" asserts="0">
            <results>
              <test-case name="NUnitTest1.TestFixture1.TestFault" executed="True" result="Failure" success="False" time="0.094" asserts="1">
                <failure>
                  <message><![CDATA[  Expected: True
  But was:  False
]]></message>
                  <stack-trace><![CDATA[at NUnitTest1.TestFixture1.TestFault() in C:\Documents and Settings\Administrator\Local Settings\Application Data\Temporary Projects\NUnitTest1\TestFixture.cs:line 22
]]></stack-trace>
                </failure>
              </test-case>
              <test-case name="NUnitTest1.TestFixture1.TestTrue" executed="True" result="Success" success="True" time="0.000" asserts="1" />
            </results>
          </test-suite>
        </results>
      </test-suite>
    </results>
  </test-suite>
</test-results>