<?xml version="1.0" encoding="utf-8" standalone="no"?>
<!--This file represents the results of running a test suite-->
<test-results name="C:\Agile Engineering\Projects\Primes\Primes\bin\Debug\Primes.dll" total="10" errors="0" failures="0" not-run="0" inconclusive="0" ignored="0" skipped="0" invalid="0" date="2012-02-12" time="21:18:28">
  <environment nunit-version="2.5.10.11092" clr-version="2.0.50727.3053" os-version="Microsoft Windows NT 5.1.2600 Service Pack 3" platform="Win32NT" cwd="C:\Agile Engineering\Projects\Primes\Primes\bin\Debug" machine-name="KEVIN-5A260E04F" user="Administrator" user-domain="KEVIN-5A260E04F" />
  <culture-info current-culture="en-US" current-uiculture="en-US" />
  <test-suite type="Assembly" name="C:\Agile Engineering\Projects\Primes\Primes\bin\Debug\Primes.dll" executed="True" result="Success" success="True" time="0.344" asserts="0">
    <results>
      <test-suite type="Namespace" name="Primes" executed="True" result="Success" success="True" time="0.344" asserts="0">
        <results>
          <test-suite type="TestFixture" name="PrimesFixture" executed="True" result="Success" success="True" time="0.344" asserts="0">
            <results>
              <test-case name="Primes.PrimesFixture.Basic" executed="True" result="Success" success="True" time="0.016" asserts="11" />
              <test-case name="Primes.PrimesFixture.ListBasic" executed="True" result="Success" success="True" time="0.000" asserts="11" />
              <test-case name="Primes.PrimesFixture.ListLots" executed="True" result="Success" success="True" time="0.000" asserts="2480" />
              <test-case name="Primes.PrimesFixture.ListPrime" executed="True" result="Success" success="True" time="0.000" asserts="2" />
              <test-case name="Primes.PrimesFixture.ListSingle" executed="True" result="Success" success="True" time="0.000" asserts="2" />
              <test-case name="Primes.PrimesFixture.ListZero" executed="True" result="Success" success="True" time="0.000" asserts="1" />
              <test-case name="Primes.PrimesFixture.Lots" executed="True" result="Success" success="True" time="0.000" asserts="2480" />
              <test-case name="Primes.PrimesFixture.Prime" executed="True" result="Success" success="True" time="0.000" asserts="2" />
              <test-case name="Primes.PrimesFixture.Single" executed="True" result="Success" success="True" time="0.000" asserts="2" />
              <test-case name="Primes.PrimesFixture.Zero" executed="True" result="Success" success="True" time="0.000" asserts="1" />
            </results>
          </test-suite>
        </results>
      </test-suite>
    </results>
  </test-suite>
</test-results>